<?xml version="1.0" encoding="UTF-8"?>
<!-- Generated by org.testng.reporters.JUnitXMLReporter -->
<testsuite hostname="Laxmikant-PC" ignored="0" name="Command line test" tests="5" failures="0" timestamp="29 Apr 2018 15:38:13 GMT" time="9.456" errors="0">
  <testcase name="postTweet" time="3.329" classname="com.letskodeit.statuses.TwitterWorkflowTest"/>
  <testcase name="readTweet" time="1.414" classname="com.letskodeit.statuses.TwitterWorkflowTest"/>
  <testcase name="deleteTweet" time="1.408" classname="com.letskodeit.statuses.TwitterWorkflowTest"/>
  <testcase name="readTweets1" time="1.276" classname="com.letskodeit.statuses.UserTimelineTest"/>
  <testcase name="readTweets2" time="1.401" classname="com.letskodeit.statuses.UserTimelineTest"/>
</testsuite> <!-- Command line test -->
