<?xml version="1.0" encoding="UTF-8"?>
<!-- Generated by org.testng.reporters.JUnitXMLReporter -->
<testsuite hostname="Laxmikant-PC" ignored="0" name="RestAssured Test" tests="5" failures="0" timestamp="29 Apr 2018 15:33:15 GMT" time="9.058" errors="0">
  <testcase name="readTweets1" time="2.61" classname="com.letskodeit.statuses.UserTimelineTest"/>
  <testcase name="readTweets2" time="1.751" classname="com.letskodeit.statuses.UserTimelineTest"/>
  <testcase name="postTweet" time="1.456" classname="com.letskodeit.statuses.TwitterWorkflowTest"/>
  <testcase name="readTweet" time="1.408" classname="com.letskodeit.statuses.TwitterWorkflowTest"/>
  <testcase name="deleteTweet" time="1.213" classname="com.letskodeit.statuses.TwitterWorkflowTest"/>
</testsuite> <!-- RestAssured Test -->
