<?xml version="1.0" encoding="UTF-8" ?>
<testsuite tests="5" failures="0" name="TestSuite" time="8.826" errors="0" skipped="0">
  <properties>
[...]
</properties>
  <testcase classname="com.letskodeit.statuses.TwitterWorkflowTest" name="postTweet" time="3.331"/>
  <testcase classname="com.letskodeit.statuses.TwitterWorkflowTest" name="readTweet" time="1.419"/>
  <testcase classname="com.letskodeit.statuses.TwitterWorkflowTest" name="deleteTweet" time="1.402"/>
  <testcase classname="com.letskodeit.statuses.UserTimelineTest" name="readTweets1" time="1.276"/>
  <testcase classname="com.letskodeit.statuses.UserTimelineTest" name="readTweets2" time="1.398"/>
</testsuite>