<?xml version="1.0" encoding="UTF-8"?>
<testng-results skipped="0" failed="0" ignored="0" total="5" passed="5">
  <reporter-output>
  </reporter-output>
  <suite name="Command line suite" duration-ms="9456" started-at="2018-04-29T15:38:04Z" finished-at="2018-04-29T15:38:13Z">
    <groups>
    </groups>
    <test name="Command line test" duration-ms="9456" started-at="2018-04-29T15:38:04Z" finished-at="2018-04-29T15:38:13Z">
      <class name="com.letskodeit.statuses.TwitterWorkflowTest">
        <test-method status="PASS" signature="setup()[pri:0, instance:com.letskodeit.statuses.TwitterWorkflowTest@3d8c7aca]" name="setup" is-config="true" duration-ms="602" started-at="2018-04-29T15:38:04Z" finished-at="2018-04-29T15:38:04Z">
          <reporter-output>
          </reporter-output>
        </test-method> <!-- setup -->
        <test-method status="PASS" signature="postTweet()[pri:0, instance:com.letskodeit.statuses.TwitterWorkflowTest@3d8c7aca]" name="postTweet" duration-ms="3329" started-at="2018-04-29T15:38:04Z" finished-at="2018-04-29T15:38:08Z">
          <reporter-output>
          </reporter-output>
        </test-method> <!-- postTweet -->
        <test-method status="PASS" signature="readTweet()[pri:0, instance:com.letskodeit.statuses.TwitterWorkflowTest@3d8c7aca]" name="readTweet" duration-ms="1414" started-at="2018-04-29T15:38:08Z" depends-on-methods="com.letskodeit.statuses.TwitterWorkflowTest.postTweet" finished-at="2018-04-29T15:38:09Z">
          <reporter-output>
          </reporter-output>
        </test-method> <!-- readTweet -->
        <test-method status="PASS" signature="deleteTweet()[pri:0, instance:com.letskodeit.statuses.TwitterWorkflowTest@3d8c7aca]" name="deleteTweet" duration-ms="1408" started-at="2018-04-29T15:38:09Z" depends-on-methods="com.letskodeit.statuses.TwitterWorkflowTest.readTweet" finished-at="2018-04-29T15:38:10Z">
          <reporter-output>
          </reporter-output>
        </test-method> <!-- deleteTweet -->
      </class> <!-- com.letskodeit.statuses.TwitterWorkflowTest -->
      <class name="com.letskodeit.statuses.UserTimelineTest">
        <test-method status="PASS" signature="setup()[pri:0, instance:com.letskodeit.statuses.UserTimelineTest@5ebec15]" name="setup" is-config="true" duration-ms="1" started-at="2018-04-29T15:38:10Z" finished-at="2018-04-29T15:38:10Z">
          <reporter-output>
          </reporter-output>
        </test-method> <!-- setup -->
        <test-method status="PASS" signature="readTweets1()[pri:0, instance:com.letskodeit.statuses.UserTimelineTest@5ebec15]" name="readTweets1" duration-ms="1276" started-at="2018-04-29T15:38:10Z" finished-at="2018-04-29T15:38:12Z">
          <reporter-output>
          </reporter-output>
        </test-method> <!-- readTweets1 -->
        <test-method status="PASS" signature="readTweets2()[pri:0, instance:com.letskodeit.statuses.UserTimelineTest@5ebec15]" name="readTweets2" duration-ms="1401" started-at="2018-04-29T15:38:12Z" finished-at="2018-04-29T15:38:13Z">
          <reporter-output>
          </reporter-output>
        </test-method> <!-- readTweets2 -->
      </class> <!-- com.letskodeit.statuses.UserTimelineTest -->
    </test> <!-- Command line test -->
  </suite> <!-- Command line suite -->
</testng-results>
