<?xml version="1.0" encoding="UTF-8"?>
<testng-results skipped="0" failed="0" ignored="0" total="3" passed="3">
  <reporter-output>
  </reporter-output>
  <suite name="Default suite" duration-ms="6455" started-at="2018-04-29T15:03:29Z" finished-at="2018-04-29T15:03:35Z">
    <groups>
    </groups>
    <test name="Default test" duration-ms="6455" started-at="2018-04-29T15:03:29Z" finished-at="2018-04-29T15:03:35Z">
      <class name="com.letskodeit.statuses.TwitterWorkflowTest">
        <test-method status="PASS" signature="setup()[pri:0, instance:com.letskodeit.statuses.TwitterWorkflowTest@475530b9]" name="setup" is-config="true" duration-ms="563" started-at="2018-04-29T15:03:29Z" finished-at="2018-04-29T15:03:29Z">
          <reporter-output>
          </reporter-output>
        </test-method> <!-- setup -->
        <test-method status="PASS" signature="postTweet()[pri:0, instance:com.letskodeit.statuses.TwitterWorkflowTest@475530b9]" name="postTweet" duration-ms="2979" started-at="2018-04-29T15:03:29Z" finished-at="2018-04-29T15:03:32Z">
          <reporter-output>
          </reporter-output>
        </test-method> <!-- postTweet -->
        <test-method status="PASS" signature="readTweet()[pri:0, instance:com.letskodeit.statuses.TwitterWorkflowTest@475530b9]" name="readTweet" duration-ms="1454" started-at="2018-04-29T15:03:32Z" depends-on-methods="com.letskodeit.statuses.TwitterWorkflowTest.postTweet" finished-at="2018-04-29T15:03:34Z">
          <reporter-output>
          </reporter-output>
        </test-method> <!-- readTweet -->
        <test-method status="PASS" signature="deleteTweet()[pri:0, instance:com.letskodeit.statuses.TwitterWorkflowTest@475530b9]" name="deleteTweet" duration-ms="1413" started-at="2018-04-29T15:03:34Z" depends-on-methods="com.letskodeit.statuses.TwitterWorkflowTest.readTweet" finished-at="2018-04-29T15:03:35Z">
          <reporter-output>
          </reporter-output>
        </test-method> <!-- deleteTweet -->
      </class> <!-- com.letskodeit.statuses.TwitterWorkflowTest -->
    </test> <!-- Default test -->
  </suite> <!-- Default suite -->
</testng-results>
